INFO:sim:172 - Generating IP...
Resolving generics for 'bramout'...
Applying external generics to 'bramout'...
Delivering associated files for 'bramout'...
Delivering EJava files for 'bramout'...
Generating implementation netlist for 'bramout'...
INFO:sim - Pre-processing HDL files for 'bramout'...
Running synthesis for 'bramout'
Running ngcbuild...
Writing VHO instantiation template for 'bramout'...
Writing VHDL behavioral simulation model for 'bramout'...
WARNING:sim - Overwriting existing file
   C:/try11/try11.srcs/sources_1/edk/project_11_mod/pcores/project11_reduced_v1_
   00_a/devl/projnav/ipcore_dir/tmp/_cg/bramout/doc/blk_mem_gen_v7_3_vinfo.html
   with file from view xilinx_documentation
Delivered 1 file into directory
C:/try11/try11.srcs/sources_1/edk/project_11_mod/pcores/project11_reduced_v1_00_
a/devl/projnav/ipcore_dir/tmp/_cg/bramout
Generating ASY schematic symbol...
INFO:sim:949 - Finished generation of ASY schematic symbol.
Generating SYM schematic symbol for 'bramout'...
Generating metadata file...
Generating ISE project file for 'bramout'...
Generating ISE project...
XCO file found: bramout.xco
XMDF file found: bramout_xmdf.tcl
Adding
C:/try11/try11.srcs/sources_1/edk/project_11_mod/pcores/project11_reduced_v1_00_
a/devl/projnav/ipcore_dir/tmp/_cg/bramout.asy -view all -origin_type imported
Adding
C:/try11/try11.srcs/sources_1/edk/project_11_mod/pcores/project11_reduced_v1_00_
a/devl/projnav/ipcore_dir/tmp/_cg/bramout.ngc -view all -origin_type created
Checking file
"C:/try11/try11.srcs/sources_1/edk/project_11_mod/pcores/project11_reduced_v1_00
_a/devl/projnav/ipcore_dir/tmp/_cg/bramout.ngc" for project device match ...
File
"C:/try11/try11.srcs/sources_1/edk/project_11_mod/pcores/project11_reduced_v1_00
_a/devl/projnav/ipcore_dir/tmp/_cg/bramout.ngc" device information matches
project device.
Adding
C:/try11/try11.srcs/sources_1/edk/project_11_mod/pcores/project11_reduced_v1_00_
a/devl/projnav/ipcore_dir/tmp/_cg/bramout.sym -view all -origin_type imported
Adding
C:/try11/try11.srcs/sources_1/edk/project_11_mod/pcores/project11_reduced_v1_00_
a/devl/projnav/ipcore_dir/tmp/_cg/bramout.vhd -view all -origin_type created
INFO:HDLCompiler:1061 - Parsing VHDL file
   "C:/try11/try11.srcs/sources_1/edk/project_11_mod/pcores/project11_reduced_v1
   _00_a/devl/projnav/ipcore_dir/tmp/_cg/bramout.vhd" into library work
INFO:ProjectMgmt - Parsing design hierarchy completed successfully.
Adding
C:/try11/try11.srcs/sources_1/edk/project_11_mod/pcores/project11_reduced_v1_00_
a/devl/projnav/ipcore_dir/tmp/_cg/bramout.vho -view all -origin_type imported
INFO:TclTasksC:2116 - The automatic calculation of top has been turned-off.
   Please set the new top explicitly by running the "project set top" command.
   To re-calculate the new top automatically, set the "Auto Implementation Top"
   property to true.
Top level has been set to "/bramout"
Generating README file...
Generating FLIST file...
INFO:sim:948 - Finished FLIST file generation.
Launching README viewer...
Moving files to output directory...
Finished moving files to output directory
Wrote CGP file for project 'bramout'.
