=====================
Opened log file
=====================
Created pcores directory
=====================
Opened log file
=====================
Xilinx Platform Studio (XPS)
Xilinx EDK 14.7 Build EDK_P.20131013

Xilinx EDK 14.7 Build EDK_P.20131013

Copied C:/Xilinx/14.7/ISE_DS/EDK/data/xflow/bitgen_zynq.ut to etc directory
Copied file C:/Xilinx/14.7/ISE_DS/EDK/data/xflow/fast_runtime_zynq.opt to etc
directory

Overriding IP level properties ...

Computing clock values...

Performing IP level DRCs on properties...

Running DRC Tcl procedures for OPTION IPLEVEL_DRC_PROC...

Checking platform address map ...
Created backup of etc/bitgen.ut to etc/bitgen.ut.virtex5
Copied C:/Xilinx/14.7/ISE_DS/EDK/data/xflow/bitgen_zynq.ut to etc directory
Created backup of etc/fast_runtime.opt to etc/fast_runtime.opt.virtex5
Copied file C:/Xilinx/14.7/ISE_DS/EDK/data/xflow/fast_runtime_zynq.opt to etc
directory
No changes to be saved in MHS file
Saved project XMP file
Saved Make file
Xilinx Platform Studio (XPS)
Xilinx EDK 14.7 Build EDK_P.20131013
Copyright (c) 1995-2012 Xilinx, Inc.  All rights reserved.

Assigned Driver generic 1.00.a for instance processing_system7_0
processing_system7_0 has been added to the project
INFO:EDK:3901 - please connect bus interface, set up port and generate address manually
Writing filter settings....
Done writing filter settings to:
	C:\RCProjectDir\trunk\RCproject\RCproject.srcs\sources_1\edk\project_core\etc\project_core.filters
Done writing Tab View settings to:
	C:\RCProjectDir\trunk\RCproject\RCproject.srcs\sources_1\edk\project_core\etc\project_core.gui
Writing filter settings....
Done writing filter settings to:
	C:\RCProjectDir\trunk\RCproject\RCproject.srcs\sources_1\edk\project_core\etc\project_core.filters
Done writing Tab View settings to:
	C:\RCProjectDir\trunk\RCproject\RCproject.srcs\sources_1\edk\project_core\etc\project_core.gui
Writing filter settings....
Done writing filter settings to:
	C:\RCProjectDir\trunk\RCproject\RCproject.srcs\sources_1\edk\project_core\etc\project_core.filters
Done writing Tab View settings to:
	C:\RCProjectDir\trunk\RCproject\RCproject.srcs\sources_1\edk\project_core\etc\project_core.gui
